[0mGET /api/getIndex [31m500 [0m288.800 ms - 177[0m
[0mGET /stylesheets/style.css [32m200 [0m4.371 ms - 111[0m
[0mGET /api/getIndex [31m500 [0m1.486 ms - 177[0m
[0mGET /stylesheets/style.css [32m200 [0m1.577 ms - 111[0m
[0mGET /api/getIndex [31m500 [0m0.891 ms - 177[0m
[0mGET /stylesheets/style.css [32m200 [0m1.082 ms - 111[0m
[0mGET /api/getIndex [31m500 [0m1.028 ms - 177[0m
[0mGET /stylesheets/style.css [32m200 [0m1.578 ms - 111[0m
[0mGET /api/getIndex [31m500 [0m0.798 ms - 177[0m
[0mGET /stylesheets/style.css [32m200 [0m2.560 ms - 111[0m
[0mGET /api/getIndex [31m500 [0m0.589 ms - 177[0m
[0mGET /stylesheets/style.css [32m200 [0m1.713 ms - 111[0m
[0mGET /api/getIndex [31m500 [0m0.805 ms - 177[0m
[0mGET /stylesheets/style.css [32m200 [0m0.898 ms - 111[0m
[0mGET /api/getIndex [31m500 [0m1.147 ms - 177[0m
[0mGET /stylesheets/style.css [32m200 [0m0.732 ms - 111[0m
[0mGET /api/getIndex [31m500 [0m0.451 ms - 177[0m
[0mGET /stylesheets/style.css [32m200 [0m1.303 ms - 111[0m
1
[0mGET /api/getIndex [32m200 [0m603.227 ms - 44275[0m
[0mGET /%22////h5.sinaimg.cn//m//emoticon//icon//others//l_xin-8e9a1a0346.png/%22 [33m404 [0m284.404 ms - 160[0m
[0mGET /%22////h5.sinaimg.cn//m//emoticon//icon//others//l_shangxin-84ce9f2779.png/%22 [33m404 [0m1.227 ms - 160[0m
[0mGET /%22////h5.sinaimg.cn//m//emoticon//icon//others//o_lazhu-3725445c33.png/%22 [33m404 [0m0.860 ms - 160[0m
[0mGET /%22////h5.sinaimg.cn//m//emoticon//icon//others//o_huatong-9f86617336.png/%22 [33m404 [0m0.945 ms - 160[0m
1
[0mGET /api/getIndex [32m200 [0m478.022 ms - 44288[0m
[0mGET /%22////h5.sinaimg.cn//m//emoticon//icon//others//l_xin-8e9a1a0346.png/%22 [33m404 [0m0.922 ms - 160[0m
[0mGET /%22////h5.sinaimg.cn//m//emoticon//icon//others//l_shangxin-84ce9f2779.png/%22 [33m404 [0m1.528 ms - 160[0m
[0mGET /%22////h5.sinaimg.cn//m//emoticon//icon//others//o_lazhu-3725445c33.png/%22 [33m404 [0m1.696 ms - 160[0m
[0mGET /%22////h5.sinaimg.cn//m//emoticon//icon//others//o_huatong-9f86617336.png/%22 [33m404 [0m0.591 ms - 160[0m
1
[0mGET /api/getIndex [32m200 [0m737.458 ms - 44286[0m
[0mGET /%22////h5.sinaimg.cn//m//emoticon//icon//others//l_xin-8e9a1a0346.png/%22 [33m404 [0m0.627 ms - 160[0m
[0mGET /%22////h5.sinaimg.cn//m//emoticon//icon//others//l_shangxin-84ce9f2779.png/%22 [33m404 [0m1.281 ms - 160[0m
[0mGET /%22////h5.sinaimg.cn//m//emoticon//icon//others//o_lazhu-3725445c33.png/%22 [33m404 [0m1.342 ms - 160[0m
[0mGET /%22////h5.sinaimg.cn//m//emoticon//icon//others//o_huatong-9f86617336.png/%22 [33m404 [0m0.542 ms - 160[0m
22324323
[0mGET /api/getIndex [32m200 [0m1024.714 ms - 44284[0m
[0mGET /%22////h5.sinaimg.cn//m//emoticon//icon//others//l_xin-8e9a1a0346.png/%22 [33m404 [0m288.704 ms - 160[0m
[0mGET /%22////h5.sinaimg.cn//m//emoticon//icon//others//l_shangxin-84ce9f2779.png/%22 [33m404 [0m1.235 ms - 160[0m
[0mGET /%22////h5.sinaimg.cn//m//emoticon//icon//others//o_lazhu-3725445c33.png/%22 [33m404 [0m1.187 ms - 160[0m
[0mGET /%22////h5.sinaimg.cn//m//emoticon//icon//others//o_huatong-9f86617336.png/%22 [33m404 [0m1.622 ms - 160[0m
888
[0mGET /api/getIndex [32m200 [0m618.037 ms - 44282[0m
[0mGET /%22////h5.sinaimg.cn//m//emoticon//icon//others//l_xin-8e9a1a0346.png/%22 [33m404 [0m283.692 ms - 160[0m
[0mGET /%22////h5.sinaimg.cn//m//emoticon//icon//others//l_shangxin-84ce9f2779.png/%22 [33m404 [0m1.188 ms - 160[0m
[0mGET /%22////h5.sinaimg.cn//m//emoticon//icon//others//o_lazhu-3725445c33.png/%22 [33m404 [0m0.829 ms - 160[0m
[0mGET /%22////h5.sinaimg.cn//m//emoticon//icon//others//o_huatong-9f86617336.png/%22 [33m404 [0m1.022 ms - 160[0m
888
[0mGET /api/getIndex [32m200 [0m502.194 ms - 44282[0m
888
[0mGET /api/getIndex [32m200 [0m476.508 ms - 44290[0m
888
[0mGET /api/getIndex [32m200 [0m543.986 ms - 44284[0m
888
[0mGET /api/getIndex?ID=12345 [32m200 [0m641.276 ms - 44286[0m
888
[0mGET /api/getIndex?containerid=12345 [32m200 [0m423.300 ms - 44282[0m
888
[0mGET /api/getIndex?containerid=12345 [32m200 [0m597.466 ms - 44282[0m
888
[0mGET /api/getIndex?containerid=12345 [32m200 [0m656.158 ms - 44282[0m
888
[0mGET /api/getIndex?containerid=12345 [32m200 [0m643.511 ms - 44282[0m
888
[0mGET /api/getIndex?containerid=12345 [32m200 [0m517.307 ms - 44284[0m
888
[0mGET /api/getIndex?containerid=12345 [32m200 [0m434.305 ms - 44282[0m
888
[0mGET /api/getIndex?containerid=12345 [32m200 [0m649.319 ms - 44284[0m
888
[0mGET /api/getIndex?containerid=12345 [32m200 [0m590.386 ms - 44284[0m
888
[0mGET /api/getIndex?containerid=12345 [32m200 [0m729.268 ms - 44284[0m
888
[0mGET /api/getIndex?containerid=12345 [32m200 [0m459.703 ms - 44284[0m
888
[0mGET /api/getIndex?containerid=12345 [32m200 [0m1248.783 ms - 44282[0m
888
[0mGET /api/getIndex?containerid=12345 [32m200 [0m633.411 ms - 44286[0m
888
[0mGET /api/getIndex?containerid=12345 [32m200 [0m464.460 ms - 44282[0m
888
[0mGET /api/getIndex?containerid=102803 [32m200 [0m908.314 ms - 44122[0m
888
[0mGET /api/getIndex?containerid=102803 [32m200 [0m530.704 ms - 44284[0m
{}
888
[0mGET /api/getIndex?containerid=102803 [32m200 [0m544.544 ms - 44282[0m
{ containerid: '102803' }
888
[0mGET /api/getIndex?containerid=102803 [32m200 [0m728.572 ms - 44284[0m
102803
888
[0mGET /api/getIndex?containerid=102803&page=0 [32m200 [0m714.770 ms - 44284[0m
102803
888
[0mGET /api/getIndex?containerid=102803&page=0 [32m200 [0m562.719 ms - 44284[0m
102803
888
[0mGET /api/getIndex?containerid=102803&page=0 [32m200 [0m520.823 ms - 44282[0m
102803
888
[0mGET /api/getIndex?containerid=102803&page=0 [32m200 [0m829.999 ms - 44284[0m
102803_ctg1_7978_-_ctg1_7978
888
[0mGET /api/getIndex?containerid=102803_ctg1_7978_-_ctg1_7978&page=0 [32m200 [0m653.625 ms - 129480[0m
102803_ctg1_7978_-_ctg1_7978
888
[0mGET /api/getIndex?containerid=102803_ctg1_7978_-_ctg1_7978&page=0 [32m200 [0m600.780 ms - 129458[0m
102803
888
[0mGET /api/getIndex?containerid=102803&page=0 [32m200 [0m522.230 ms - 44286[0m
102803_ctg1_7978_-_ctg1_7978
888
[0mGET /api/getIndex?containerid=102803_ctg1_7978_-_ctg1_7978&page=0 [32m200 [0m933.407 ms - 129480[0m
102803
102803_ctg1_7978_-_ctg1_7978
888
[0mGET /api/getIndex?containerid=102803&page=0 [32m200 [0m450.809 ms - 44286[0m
888
[0mGET /api/getIndex?containerid=102803_ctg1_7978_-_ctg1_7978&page=0 [32m200 [0m840.568 ms - 129482[0m
102803
888
[0mGET /api/getIndex?containerid=102803&page=0 [32m200 [0m586.788 ms - 44282[0m
102803_ctg1_7978_-_ctg1_7978
888
[0mGET /api/getIndex?containerid=102803_ctg1_7978_-_ctg1_7978&page=0 [32m200 [0m649.340 ms - 129470[0m
102803
888
[0mGET /api/getIndex?containerid=102803&page=0 [32m200 [0m556.666 ms - 44284[0m
102803_ctg1_7978_-_ctg1_7978
888
[0mGET /api/getIndex?containerid=102803_ctg1_7978_-_ctg1_7978&page=0 [32m200 [0m767.991 ms - 129481[0m
102803
888
[0mGET /api/getIndex?containerid=102803&page=0 [32m200 [0m427.179 ms - 44284[0m
102803_ctg1_7978_-_ctg1_7978
888
[0mGET /api/getIndex?containerid=102803_ctg1_7978_-_ctg1_7978&page=0 [32m200 [0m575.638 ms - 129483[0m
102803
888
[0mGET /api/getIndex?containerid=102803&page=0 [32m200 [0m468.763 ms - 44284[0m
102803
888
[0mGET /api/getIndex?containerid=102803&page=0 [32m200 [0m876.759 ms - 44282[0m
102803
888
[0mGET /api/getIndex?containerid=102803&page=0 [32m200 [0m1857.552 ms - 44280[0m
102803
888
[0mGET /api/getIndex?containerid=102803&page=0 [32m200 [0m1863.573 ms - 44282[0m
102803
888
[0mGET /api/getIndex?containerid=102803&page=0 [32m200 [0m791.291 ms - 44280[0m
102803
888
[0mGET /api/getIndex?containerid=102803&page=0 [32m200 [0m479.652 ms - 44280[0m
102803
888
[0mGET /api/getIndex?containerid=102803&page=0 [32m200 [0m480.827 ms - 44282[0m
102803
888
[0mGET /api/getIndex?containerid=102803&page=0 [32m200 [0m455.029 ms - 44282[0m
102803
888
[0mGET /api/getIndex?containerid=102803&page=0 [32m200 [0m548.295 ms - 44280[0m
102803
888
[0mGET /api/getIndex?containerid=102803&page=0 [32m200 [0m517.230 ms - 44280[0m
102803
888
[0mGET /api/getIndex?containerid=102803&page=0 [32m200 [0m494.571 ms - 44280[0m
102803
888
[0mGET /api/getIndex?containerid=102803&page=0 [32m200 [0m442.074 ms - 44280[0m
102803
888
[0mGET /api/getIndex?containerid=102803&page=0 [32m200 [0m650.188 ms - 44282[0m
102803
888
[0mGET /api/getIndex?containerid=102803&page=0 [32m200 [0m494.505 ms - 44282[0m
102803
888
[0mGET /api/getIndex?containerid=102803&page=0 [32m200 [0m452.118 ms - 44280[0m
102803
888
[0mGET /api/getIndex?containerid=102803&page=0 [32m200 [0m562.138 ms - 44282[0m
102803
888
[0mGET /api/getIndex?containerid=102803&page=0 [32m200 [0m452.505 ms - 44282[0m
102803
888
[0mGET /api/getIndex?containerid=102803&page=0 [32m200 [0m580.687 ms - 44284[0m
102803
888
[0mGET /api/getIndex?containerid=102803&page=0 [32m200 [0m519.788 ms - 44282[0m
102803
888
[0mGET /api/getIndex?containerid=102803&page=0 [32m200 [0m437.964 ms - 44280[0m
102803
888
[0mGET /api/getIndex?containerid=102803&page=0 [32m200 [0m468.303 ms - 44282[0m
102803
888
[0mGET /api/getIndex?containerid=102803&page=0 [32m200 [0m466.033 ms - 44284[0m
102803
888
[0mGET /api/getIndex?containerid=102803&page=0 [32m200 [0m560.787 ms - 44118[0m
102803
888
[0mGET /api/getIndex?containerid=102803&page=0 [32m200 [0m442.912 ms - 44282[0m
102803
888
[0mGET /api/getIndex?containerid=102803&page=0 [32m200 [0m445.410 ms - 44282[0m
102803
888
[0mGET /api/getIndex?containerid=102803&page=0 [32m200 [0m437.761 ms - 44282[0m
102803
888
[0mGET /api/getIndex?containerid=102803&page=0 [32m200 [0m485.605 ms - 44280[0m
102803
888
[0mGET /api/getIndex?containerid=102803&page=0 [32m200 [0m434.820 ms - 44280[0m
102803
888
[0mGET /api/getIndex?containerid=102803&page=0 [32m200 [0m520.047 ms - 44284[0m
102803
888
[0mGET /api/getIndex?containerid=102803&page=0 [32m200 [0m463.901 ms - 44282[0m
102803
888
[0mGET /api/getIndex?containerid=102803&page=0 [32m200 [0m540.409 ms - 44286[0m
102803
888
[0mGET /api/getIndex?containerid=102803&page=0 [32m200 [0m499.611 ms - 44280[0m
102803
888
[0mGET /api/getIndex?containerid=102803&page=0 [32m200 [0m498.472 ms - 44282[0m
102803
888
[0mGET /api/getIndex?containerid=102803&page=0 [32m200 [0m559.987 ms - 44282[0m
102803
888
[0mGET /api/getIndex?containerid=102803&page=0 [32m200 [0m454.992 ms - 44284[0m
102803
888
[0mGET /api/getIndex?containerid=102803&page=0 [32m200 [0m580.957 ms - 44280[0m
102803
888
[0mGET /api/getIndex?containerid=102803&page=0 [32m200 [0m460.460 ms - 44286[0m
102803
888
[0mGET /api/getIndex?containerid=102803&page=0 [32m200 [0m635.739 ms - 44280[0m
102803
888
[0mGET /api/getIndex?containerid=102803&page=0 [32m200 [0m643.230 ms - 44280[0m
102803
888
[0mGET /api/getIndex?containerid=102803&page=0 [32m200 [0m492.467 ms - 44282[0m
102803
888
[0mGET /api/getIndex?containerid=102803&page=0 [32m200 [0m449.662 ms - 44273[0m
102803
888
[0mGET /api/getIndex?containerid=102803&page=0 [32m200 [0m471.196 ms - 44280[0m
102803
888
[0mGET /api/getIndex?containerid=102803&page=0 [32m200 [0m541.126 ms - 44280[0m
102803
888
[0mGET /api/getIndex?containerid=102803&page=0 [32m200 [0m547.641 ms - 44280[0m
{"dispatchConfig":null,"_targetInst":null,"nativeEvent":null,"type":null,"target":null,"eventPhase":null,"bubbles":null,"cancelable":null,"defaultPrevented":null,"isTrusted":null,"view":null,"detail":null,"screenX":null,"screenY":null,"clientX":null,"clientY":null,"pageX":null,"pageY":null,"ctrlKey":null,"shiftKey":null,"altKey":null,"metaKey":null,"button":null,"buttons":null,"_dispatchListeners":null,"_dispatchInstances":null}
888
[0mGET /api/getIndex?containerid=%7B%22dispatchConfig%22:null,%22_targetInst%22:null,%22nativeEvent%22:null,%22type%22:null,%22target%22:null,%22eventPhase%22:null,%22bubbles%22:null,%22cancelable%22:null,%22defaultPrevented%22:null,%22isTrusted%22:null,%22view%22:null,%22detail%22:null,%22screenX%22:null,%22screenY%22:null,%22clientX%22:null,%22clientY%22:null,%22pageX%22:null,%22pageY%22:null,%22ctrlKey%22:null,%22shiftKey%22:null,%22altKey%22:null,%22metaKey%22:null,%22button%22:null,%22buttons%22:null,%22_dispatchListeners%22:null,%22_dispatchInstances%22:null%7D&page=0 [32m200 [0m178.568 ms - 79[0m
{"dispatchConfig":null,"_targetInst":null,"_dispatchListeners":null,"_dispatchInstances":null,"nativeEvent":null,"type":null,"target":null,"eventPhase":null,"bubbles":null,"cancelable":null,"defaultPrevented":null,"isTrusted":null,"view":null,"detail":null,"screenX":null,"screenY":null,"clientX":null,"clientY":null,"pageX":null,"pageY":null,"ctrlKey":null,"shiftKey":null,"altKey":null,"metaKey":null,"button":null,"buttons":null}
888
[0mGET /api/getIndex?containerid=%7B%22dispatchConfig%22:null,%22_targetInst%22:null,%22_dispatchListeners%22:null,%22_dispatchInstances%22:null,%22nativeEvent%22:null,%22type%22:null,%22target%22:null,%22eventPhase%22:null,%22bubbles%22:null,%22cancelable%22:null,%22defaultPrevented%22:null,%22isTrusted%22:null,%22view%22:null,%22detail%22:null,%22screenX%22:null,%22screenY%22:null,%22clientX%22:null,%22clientY%22:null,%22pageX%22:null,%22pageY%22:null,%22ctrlKey%22:null,%22shiftKey%22:null,%22altKey%22:null,%22metaKey%22:null,%22button%22:null,%22buttons%22:null%7D&page=0 [32m200 [0m169.175 ms - 79[0m
102803
888
[0mGET /api/getIndex?containerid=102803&page=0 [32m200 [0m670.711 ms - 44122[0m
{"dispatchConfig":null,"_targetInst":null,"nativeEvent":null,"type":null,"target":null,"eventPhase":null,"bubbles":null,"cancelable":null,"defaultPrevented":null,"isTrusted":null,"view":null,"detail":null,"screenX":null,"screenY":null,"clientX":null,"clientY":null,"pageX":null,"pageY":null,"ctrlKey":null,"shiftKey":null,"altKey":null,"metaKey":null,"button":null,"buttons":null,"_dispatchListeners":null,"_dispatchInstances":null}
888
[0mGET /api/getIndex?containerid=%7B%22dispatchConfig%22:null,%22_targetInst%22:null,%22nativeEvent%22:null,%22type%22:null,%22target%22:null,%22eventPhase%22:null,%22bubbles%22:null,%22cancelable%22:null,%22defaultPrevented%22:null,%22isTrusted%22:null,%22view%22:null,%22detail%22:null,%22screenX%22:null,%22screenY%22:null,%22clientX%22:null,%22clientY%22:null,%22pageX%22:null,%22pageY%22:null,%22ctrlKey%22:null,%22shiftKey%22:null,%22altKey%22:null,%22metaKey%22:null,%22button%22:null,%22buttons%22:null,%22_dispatchListeners%22:null,%22_dispatchInstances%22:null%7D&page=0 [32m200 [0m177.011 ms - 79[0m
102803
888
[0mGET /api/getIndex?containerid=102803&page=0 [32m200 [0m498.609 ms - 44282[0m
102803
888
[0mGET /api/getIndex?containerid=102803&page=0 [32m200 [0m451.843 ms - 44282[0m
102803
102803
888
[0mGET /api/getIndex?containerid=102803&page=0 [32m200 [0m590.551 ms - 44280[0m
102803
888
[0mGET /api/getIndex?containerid=102803&page=0 [32m200 [0m446.558 ms - 44280[0m
888
[0mGET /api/getIndex?containerid=102803&page=0 [32m200 [0m491.088 ms - 44280[0m
102803
888
[0mGET /api/getIndex?containerid=102803&page=0 [32m200 [0m634.997 ms - 44282[0m
102803
888
[0mGET /api/getIndex?containerid=102803&page=0 [32m200 [0m531.912 ms - 44282[0m
102803
888
[0mGET /api/getIndex?containerid=102803&page=0 [32m200 [0m438.621 ms - 44282[0m
102803
102803
888
[0mGET /api/getIndex?containerid=102803&page=0 [32m200 [0m553.267 ms - 44428[0m
888
[0mGET /api/getIndex?containerid=102803&page=0 [32m200 [0m465.820 ms - 44280[0m
102803
102803
888
[0mGET /api/getIndex?containerid=102803&page=0 [32m200 [0m544.610 ms - 44280[0m
888
[0mGET /api/getIndex?containerid=102803&page=0 [32m200 [0m397.393 ms - 44280[0m
102803
888
[0mGET /api/getIndex?containerid=102803&page=0 [32m200 [0m832.146 ms - 44280[0m
102803
888
[0mGET /api/getIndex?containerid=102803&page=0 [32m200 [0m507.443 ms - 44282[0m
102803
888
[0mGET /api/getIndex?containerid=102803&page=0 [32m200 [0m438.580 ms - 44284[0m
102803
888
[0mGET /api/getIndex?containerid=102803&page=0 [32m200 [0m455.458 ms - 44280[0m
102803
888
[0mGET /api/getIndex?containerid=102803&page=0 [32m200 [0m484.148 ms - 44424[0m
102803_ctg1_7978_-_ctg1_7978
888
[0mGET /api/getIndex?containerid=102803_ctg1_7978_-_ctg1_7978&page=0 [32m200 [0m629.842 ms - 116483[0m
102803_ctg1_7978_-_ctg1_7978
888
[0mGET /api/getIndex?containerid=102803_ctg1_7978_-_ctg1_7978&page=0 [32m200 [0m590.422 ms - 116481[0m
102803
888
[0mGET /api/getIndex?containerid=102803&page=0 [32m200 [0m685.588 ms - 44280[0m
102803
102803
102803
888
[0mGET /api/getIndex?containerid=102803&page=0 [32m200 [0m435.324 ms - 44049[0m
102803
102803
888
[0mGET /api/getIndex?containerid=102803&page=0 [32m200 [0m595.343 ms - 44284[0m
888
[0mGET /api/getIndex?containerid=102803&page=0 [32m200 [0m458.528 ms - 44280[0m
888
[0mGET /api/getIndex?containerid=102803&page=0 [32m200 [0m523.582 ms - 44282[0m
888
[0mGET /api/getIndex?containerid=102803&page=0 [32m200 [0m439.263 ms - 44282[0m
102803
888
[0mGET /api/getIndex?containerid=102803&page=0 [32m200 [0m440.537 ms - 44284[0m
102803_ctg1_7978_-_ctg1_7978
888
[0mGET /api/getIndex?containerid=102803_ctg1_7978_-_ctg1_7978&page=0 [32m200 [0m617.531 ms - 114794[0m
102803
888
[0mGET /api/getIndex?containerid=102803&page=0 [32m200 [0m499.398 ms - 44282[0m
102803_ctg1_7978_-_ctg1_7978
888
[0mGET /api/getIndex?containerid=102803_ctg1_7978_-_ctg1_7978&page=0 [32m200 [0m666.624 ms - 114802[0m
102803
888
[0mGET /api/getIndex?containerid=102803&page=0 [32m200 [0m474.915 ms - 44280[0m
102803
888
[0mGET /api/getIndex?containerid=102803&page=0 [32m200 [0m545.846 ms - 44424[0m
102803
888
[0mGET /api/getIndex?containerid=102803&page=0 [32m200 [0m502.684 ms - 44280[0m
102803
888
[0mGET /api/getIndex?containerid=102803&page=0 [32m200 [0m428.175 ms - 44280[0m
102803
888
[0mGET /api/getIndex?containerid=102803&page=0 [32m200 [0m484.361 ms - 44424[0m
102803
888
[0mGET /api/getIndex?containerid=102803&page=0 [32m200 [0m498.044 ms - 44280[0m
102803
888
[0mGET /api/getIndex?containerid=102803&page=0 [32m200 [0m576.983 ms - 44430[0m
102803
888
[0mGET /api/getIndex?containerid=102803&page=0 [32m200 [0m450.046 ms - 44424[0m
102803
888
[0mGET /api/getIndex?containerid=102803&page=0 [32m200 [0m770.584 ms - 44118[0m
102803_ctg1_7978_-_ctg1_7978
888
[0mGET /api/getIndex?containerid=102803_ctg1_7978_-_ctg1_7978&page=0 [32m200 [0m666.348 ms - 114804[0m
102803_ctg1_7978_-_ctg1_7978
888
[0mGET /api/getIndex?containerid=102803_ctg1_7978_-_ctg1_7978&page=0 [32m200 [0m717.495 ms - 114804[0m
102803_ctg1_7978_-_ctg1_7978
102803_ctg1_7978_-_ctg1_7978
888
[0mGET /api/getIndex?containerid=102803_ctg1_7978_-_ctg1_7978&page=0 [32m200 [0m748.961 ms - 114796[0m
102803_ctg1_7978_-_ctg1_7978
888
[0mGET /api/getIndex?containerid=102803_ctg1_7978_-_ctg1_7978&page=0 [32m200 [0m598.485 ms - 114806[0m
102803_ctg1_7978_-_ctg1_7978
102803_ctg1_7978_-_ctg1_7978
888
[0mGET /api/getIndex?containerid=102803_ctg1_7978_-_ctg1_7978&page=0 [32m200 [0m1063.026 ms - 114800[0m
888
[0mGET /api/getIndex?containerid=102803_ctg1_7978_-_ctg1_7978&page=0 [32m200 [0m832.907 ms - 114802[0m
888
[0mGET /api/getIndex?containerid=102803_ctg1_7978_-_ctg1_7978&page=0 [32m200 [0m653.066 ms - 114796[0m
102803
888
[0mGET /api/getIndex?containerid=102803&page=0 [32m200 [0m498.873 ms - 44426[0m
102803_ctg1_7978_-_ctg1_7978
888
[0mGET /api/getIndex?containerid=102803_ctg1_7978_-_ctg1_7978&page=0 [32m200 [0m609.016 ms - 114796[0m
102803
888
[0mGET /api/getIndex?containerid=102803&page=0 [32m200 [0m506.519 ms - 44286[0m
102803
888
[0mGET /api/getIndex?containerid=102803&page=0 [32m200 [0m593.796 ms - 44428[0m
102803
102803
888
[0mGET /api/getIndex?containerid=102803&page=0 [32m200 [0m547.454 ms - 44426[0m
102803
888
[0mGET /api/getIndex?containerid=102803&page=0 [32m200 [0m462.431 ms - 44428[0m
888
[0mGET /api/getIndex?containerid=102803&page=0 [32m200 [0m675.566 ms - 44282[0m
102803
888
[0mGET /api/getIndex?containerid=102803&page=0 [32m200 [0m525.761 ms - 44426[0m
102803
888
[0mGET /api/getIndex?containerid=102803&page=0 [32m200 [0m429.669 ms - 44424[0m
102803
888
[0mGET /api/getIndex?containerid=102803&page=0 [32m200 [0m467.747 ms - 44424[0m
102803
888
[0mGET /api/getIndex?containerid=102803&page=0 [32m200 [0m522.959 ms - 44282[0m
102803
102803
102803
888
[0mGET /api/getIndex?containerid=102803&page=0 [32m200 [0m658.238 ms - 44282[0m
102803
888
[0mGET /api/getIndex?containerid=102803&page=0 [32m200 [0m507.213 ms - 44424[0m
102803
888
[0mGET /api/getIndex?containerid=102803&page=0 [32m200 [0m585.314 ms - 44282[0m
102803
888
[0mGET /api/getIndex?containerid=102803&page=0 [32m200 [0m481.950 ms - 44426[0m
102803
888
[0mGET /api/getIndex?containerid=102803&page=0 [32m200 [0m501.145 ms - 44426[0m
888
[0mGET /api/getIndex?containerid=102803&page=0 [32m200 [0m817.272 ms - 44264[0m
888
[0mGET /api/getIndex?containerid=102803&page=0 [32m200 [0m544.594 ms - 44426[0m
102803
888
[0mGET /api/getIndex?containerid=102803&page=0 [32m200 [0m465.045 ms - 44426[0m
102803
888
[0mGET /api/getIndex?containerid=102803&page=0 [32m200 [0m473.753 ms - 44428[0m
102803
888
[0mGET /api/getIndex?containerid=102803&page=0 [32m200 [0m483.521 ms - 44424[0m
102803
888
[0mGET /api/getIndex?containerid=102803&page=0 [32m200 [0m481.870 ms - 44424[0m
102803
888
[0mGET /api/getIndex?containerid=102803&page=0 [32m200 [0m478.631 ms - 44424[0m
102803
888
[0mGET /api/getIndex?containerid=102803&page=0 [32m200 [0m461.132 ms - 44424[0m
102803
102803
102803
888
[0mGET /api/getIndex?containerid=102803&page=0 [32m200 [0m539.577 ms - 44426[0m
888
[0mGET /api/getIndex?containerid=102803&page=0 [32m200 [0m523.880 ms - 44428[0m
888
[0mGET /api/getIndex?containerid=102803&page=0 [32m200 [0m494.730 ms - 44424[0m
102803
888
[0mGET /api/getIndex?containerid=102803&page=0 [32m200 [0m637.183 ms - 44424[0m
102803
888
[0mGET /api/getIndex?containerid=102803&page=0 [32m200 [0m486.520 ms - 44428[0m
102803
888
[0mGET /api/getIndex?containerid=102803&page=1 [32m200 [0m606.847 ms - 44262[0m
102803
102803
102803
888
[0mGET /api/getIndex?containerid=102803&page=2 [32m200 [0m401.889 ms - 40450[0m
102803
888
[0mGET /api/getIndex?containerid=102803&page=2 [32m200 [0m427.721 ms - 40306[0m
888
[0mGET /api/getIndex?containerid=102803&page=2 [32m200 [0m701.215 ms - 40308[0m
888
[0mGET /api/getIndex?containerid=102803&page=3 [32m200 [0m427.399 ms - 45425[0m
102803
888
[0mGET /api/getIndex?containerid=102803&page=0 [32m200 [0m569.418 ms - 44428[0m
102803
888
[0mGET /api/getIndex?containerid=102803&page=1 [32m200 [0m660.159 ms - 44426[0m
102803
888
[0mGET /api/getIndex?containerid=102803&page=2 [32m200 [0m453.960 ms - 40456[0m
102803
102803
102803
888
[0mGET /api/getIndex?containerid=102803&page=3 [32m200 [0m556.328 ms - 45425[0m
102803
888
[0mGET /api/getIndex?containerid=102803&page=3 [32m200 [0m468.597 ms - 45425[0m
888
[0mGET /api/getIndex?containerid=102803&page=3 [32m200 [0m510.766 ms - 45425[0m
102803
888
[0mGET /api/getIndex?containerid=102803&page=4 [32m200 [0m509.862 ms - 56660[0m
102803
102803
888
[0mGET /api/getIndex?containerid=102803&page=4 [32m200 [0m598.550 ms - 56658[0m
888
[0mGET /api/getIndex?containerid=102803&page=5 [32m200 [0m421.260 ms - 55071[0m
888
[0mGET /api/getIndex?containerid=102803&page=5 [32m200 [0m686.663 ms - 55069[0m
102803
888
[0mGET /api/getIndex?containerid=102803&page=0 [32m200 [0m485.617 ms - 44424[0m
102803
888
[0mGET /api/getIndex?containerid=102803&page=0 [32m200 [0m501.557 ms - 44430[0m
102803
888
[0mGET /api/getIndex?containerid=102803&page=0 [32m200 [0m467.757 ms - 44426[0m
102803
888
[0mGET /api/getIndex?containerid=102803&page=-1 [32m200 [0m416.302 ms - 44428[0m
102803
888
[0mGET /api/getIndex?containerid=102803&page=-1 [32m200 [0m518.737 ms - 44428[0m
102803
888
[0mGET /api/getIndex?containerid=102803&page=0 [32m200 [0m548.416 ms - 44426[0m
102803
888
[0mGET /api/getIndex?containerid=102803&page=0 [32m200 [0m409.723 ms - 44424[0m
102803
888
[0mGET /api/getIndex?containerid=102803&page=0 [32m200 [0m643.118 ms - 44426[0m
102803
888
[0mGET /api/getIndex?containerid=102803&page=1 [32m200 [0m535.556 ms - 44426[0m
102803
102803
102803
888
[0mGET /api/getIndex?containerid=102803&page=2 [32m200 [0m726.468 ms - 40290[0m
102803
102803
888
[0mGET /api/getIndex?containerid=102803&page=3 [32m200 [0m624.534 ms - 45085[0m
102803
888
[0mGET /api/getIndex?containerid=102803&page=4 [32m200 [0m476.015 ms - 56660[0m
102803
888
[0mGET /api/getIndex?containerid=102803&page=6 [32m200 [0m384.038 ms - 47449[0m
888
[0mGET /api/getIndex?containerid=102803&page=5 [32m200 [0m602.025 ms - 55071[0m
888
[0mGET /api/getIndex?containerid=102803&page=7 [32m200 [0m430.951 ms - 49165[0m
102803
888
[0mGET /api/getIndex?containerid=102803&page=8 [32m200 [0m416.547 ms - 48641[0m
102803
102803
102803
888
[0mGET /api/getIndex?containerid=102803&page=10 [32m200 [0m412.532 ms - 47060[0m
102803
888
[0mGET /api/getIndex?containerid=102803&page=9 [32m200 [0m627.939 ms - 46878[0m
888
[0mGET /api/getIndex?containerid=102803&page=11 [32m200 [0m377.598 ms - 39270[0m
102803
888
[0mGET /api/getIndex?containerid=102803&page=12 [32m200 [0m421.763 ms - 41274[0m
102803
102803
888
[0mGET /api/getIndex?containerid=102803&page=13 [32m200 [0m646.087 ms - 48227[0m
102803
102803
888
[0mGET /api/getIndex?containerid=102803&page=15 [32m200 [0m576.030 ms - 52271[0m
888
[0mGET /api/getIndex?containerid=102803&page=16 [32m200 [0m488.364 ms - 42087[0m
102803
888
[0mGET /api/getIndex?containerid=102803&page=17 [32m200 [0m431.238 ms - 46327[0m
888
[0mGET /api/getIndex?containerid=102803&page=14 [32m200 [0m945.290 ms - 45792[0m
102803
888
[0mGET /api/getIndex?containerid=102803&page=18 [32m200 [0m494.740 ms - 40756[0m
102803
102803
888
[0mGET /api/getIndex?containerid=102803&page=19 [32m200 [0m516.315 ms - 54289[0m
888
[0mGET /api/getIndex?containerid=102803&page=20 [32m200 [0m432.787 ms - 48717[0m
102803
102803
888
[0mGET /api/getIndex?containerid=102803&page=21 [32m200 [0m577.797 ms - 47828[0m
102803
888
[0mGET /api/getIndex?containerid=102803&page=22 [32m200 [0m455.466 ms - 53097[0m
888
[0mGET /api/getIndex?containerid=102803&page=23 [32m200 [0m564.326 ms - 50899[0m
888
[0mGET /api/getIndex?containerid=102803&page=24 [32m200 [0m662.230 ms - 42226[0m
888
[0mGET /api/getIndex?containerid=102803&page=25 [32m200 [0m762.506 ms - 55329[0m
102803
888
[0mGET /api/getIndex?containerid=102803&page=0 [32m200 [0m522.190 ms - 44426[0m
102803
102803
102803
888
[0mGET /api/getIndex?containerid=102803&page=1 [32m200 [0m434.825 ms - 44447[0m
102803
102803
888
[0mGET /api/getIndex?containerid=102803&page=2 [32m200 [0m617.391 ms - 40452[0m
102803
888
[0mGET /api/getIndex?containerid=102803&page=3 [32m200 [0m508.310 ms - 45427[0m
102803
888
[0mGET /api/getIndex?containerid=102803&page=4 [32m200 [0m522.375 ms - 56662[0m
888
[0mGET /api/getIndex?containerid=102803&page=5 [32m200 [0m410.136 ms - 55069[0m
102803
102803
888
[0mGET /api/getIndex?containerid=102803&page=6 [32m200 [0m588.163 ms - 47453[0m
102803
102803
888
[0mGET /api/getIndex?containerid=102803&page=7 [32m200 [0m706.002 ms - 49169[0m
888
[0mGET /api/getIndex?containerid=102803&page=9 [32m200 [0m387.869 ms - 46880[0m
888
[0mGET /api/getIndex?containerid=102803&page=8 [32m200 [0m641.137 ms - 48637[0m
102803
888
[0mGET /api/getIndex?containerid=102803&page=10 [32m200 [0m508.173 ms - 47062[0m
888
[0mGET /api/getIndex?containerid=102803&page=11 [32m200 [0m464.999 ms - 39270[0m
888
[0mGET /api/getIndex?containerid=102803&page=12 [32m200 [0m416.394 ms - 41272[0m
102803
888
[0mGET /api/getIndex?containerid=102803&page=0 [32m200 [0m507.119 ms - 44428[0m
102803_ctg1_7978_-_ctg1_7978
102803_ctg1_7978_-_ctg1_7978
888
[0mGET /api/getIndex?containerid=102803_ctg1_7978_-_ctg1_7978&page=1 [32m200 [0m622.007 ms - 113020[0m
888
[0mGET /api/getIndex?containerid=102803_ctg1_7978_-_ctg1_7978&page=2 [32m200 [0m594.334 ms - 113030[0m
102803
888
[0mGET /api/getIndex?containerid=102803&page=0 [32m200 [0m479.821 ms - 44426[0m
102803
888
[0mGET /api/getIndex?containerid=102803&page=0 [32m200 [0m786.894 ms - 44122[0m
102803
888
[0mGET /api/getIndex?containerid=102803&page=0 [32m200 [0m572.153 ms - 44424[0m
102803
888
[0mGET /api/getIndex?containerid=102803&page=0 [32m200 [0m468.656 ms - 44424[0m
102803
888
[0mGET /api/getIndex?containerid=102803&page=0 [32m200 [0m486.612 ms - 44424[0m
102803
888
[0mGET /api/getIndex?containerid=102803&page=0 [32m200 [0m640.167 ms - 44417[0m
102803
102803
888
[0mGET /api/getIndex?containerid=102803&page=0 [32m200 [0m526.933 ms - 44424[0m
888
[0mGET /api/getIndex?containerid=102803&page=0 [32m200 [0m477.458 ms - 44426[0m
102803
888
[0mGET /api/getIndex?containerid=102803&page=0 [32m200 [0m506.773 ms - 44424[0m
102803
102803
888
[0mGET /api/getIndex?containerid=102803&page=0 [32m200 [0m798.888 ms - 44424[0m
888
[0mGET /api/getIndex?containerid=102803&page=0 [32m200 [0m645.962 ms - 44426[0m
102803
888
[0mGET /api/getIndex?containerid=102803&page=0 [32m200 [0m668.078 ms - 44262[0m
102803
888
[0mGET /api/getIndex?containerid=102803&page=0 [32m200 [0m586.757 ms - 44426[0m
102803
888
[0mGET /api/getIndex?containerid=102803&page=0 [32m200 [0m458.453 ms - 44426[0m
102803
102803
888
[0mGET /api/getIndex?containerid=102803&page=0 [32m200 [0m563.099 ms - 44428[0m
888
[0mGET /api/getIndex?containerid=102803&page=0 [32m200 [0m634.348 ms - 44424[0m
102803
888
[0mGET /api/getIndex?containerid=102803&page=0 [32m200 [0m731.001 ms - 44426[0m
102803
888
[0mGET /api/getIndex?containerid=102803&page=0 [32m200 [0m550.365 ms - 44426[0m
102803
888
[0mGET /api/getIndex?containerid=102803&page=0 [32m200 [0m437.554 ms - 44424[0m
102803
888
[0mGET /api/getIndex?containerid=102803&page=0 [32m200 [0m849.461 ms - 44426[0m
102803
888
[0mGET /api/getIndex?containerid=102803&page=0 [32m200 [0m485.166 ms - 44426[0m
102803
888
[0mGET /api/getIndex?containerid=102803&page=0 [32m200 [0m546.959 ms - 44424[0m
102803
102803
888
[0mGET /api/getIndex?containerid=102803&page=0 [32m200 [0m526.434 ms - 44426[0m
888
[0mGET /api/getIndex?containerid=102803&page=0 [32m200 [0m430.848 ms - 44426[0m
102803
888
[0mGET /api/getIndex?containerid=102803&page=0 [32m200 [0m451.340 ms - 44424[0m
102803
888
[0mGET /api/getIndex?containerid=102803&page=0 [32m200 [0m531.232 ms - 44415[0m
102803
888
[0mGET /api/getIndex?containerid=102803&page=0 [32m200 [0m506.162 ms - 44426[0m
102803
888
[0mGET /api/getIndex?containerid=102803&page=0 [32m200 [0m537.127 ms - 44426[0m
102803
888
[0mGET /api/getIndex?containerid=102803&page=0 [32m200 [0m513.715 ms - 44430[0m
102803
888
[0mGET /api/getIndex?containerid=102803&page=0 [32m200 [0m451.267 ms - 44424[0m
102803
888
[0mGET /api/getIndex?containerid=102803&page=0 [32m200 [0m560.310 ms - 44424[0m
102803
888
[0mGET /api/getIndex?containerid=102803&page=0 [32m200 [0m433.025 ms - 44428[0m
102803
888
[0mGET /api/getIndex?containerid=102803&page=0 [32m200 [0m506.854 ms - 44424[0m
102803
888
[0mGET /api/getIndex?containerid=102803&page=0 [32m200 [0m537.662 ms - 44426[0m
102803
888
[0mGET /api/getIndex?containerid=102803&page=0 [32m200 [0m585.852 ms - 44426[0m
102803
102803
888
[0mGET /api/getIndex?containerid=102803&page=0 [32m200 [0m485.594 ms - 44424[0m
102803
888
[0mGET /api/getIndex?containerid=102803&page=0 [32m200 [0m1533.751 ms - 44426[0m
888
[0mGET /api/getIndex?containerid=102803&page=0 [32m200 [0m483.098 ms - 44424[0m
102803
888
[0mGET /api/getIndex?containerid=102803&page=0 [32m200 [0m491.339 ms - 44424[0m
102803
102803
888
[0mGET /api/getIndex?containerid=102803&page=0 [32m200 [0m467.651 ms - 44428[0m
102803
888
[0mGET /api/getIndex?containerid=102803&page=0 [32m200 [0m533.331 ms - 44428[0m
102803
888
[0mGET /api/getIndex?containerid=102803&page=0 [32m200 [0m575.524 ms - 44428[0m
888
[0mGET /api/getIndex?containerid=102803&page=0 [32m200 [0m555.273 ms - 44426[0m
102803
102803
888
[0mGET /api/getIndex?containerid=102803&page=0 [32m200 [0m622.906 ms - 44264[0m
888
[0mGET /api/getIndex?containerid=102803&page=0 [32m200 [0m522.472 ms - 44424[0m
102803
888
[0mGET /api/getIndex?containerid=102803&page=0 [32m200 [0m486.902 ms - 44424[0m
102803
888
[0mGET /api/getIndex?containerid=102803&page=0 [32m200 [0m525.629 ms - 44428[0m
102803
888
[0mGET /api/getIndex?containerid=102803&page=0 [32m200 [0m435.774 ms - 44426[0m
102803
888
[0mGET /api/getIndex?containerid=102803&page=0 [32m200 [0m470.479 ms - 44428[0m
102803
102803
888
[0mGET /api/getIndex?containerid=102803&page=0 [32m200 [0m595.575 ms - 44426[0m
102803
888
[0mGET /api/getIndex?containerid=102803&page=0 [32m200 [0m487.455 ms - 44415[0m
102803
888
[0mGET /api/getIndex?containerid=102803&page=0 [32m200 [0m527.155 ms - 44426[0m
102803
888
[0mGET /api/getIndex?containerid=102803&page=0 [32m200 [0m490.949 ms - 44426[0m
102803
888
[0mGET /api/getIndex?containerid=102803&page=0 [32m200 [0m489.810 ms - 44428[0m
888
[0mGET /api/getIndex?containerid=102803&page=0 [32m200 [0m463.698 ms - 44424[0m
102803
888
[0mGET /api/getIndex?containerid=102803&page=0 [32m200 [0m494.988 ms - 44426[0m
102803
888
[0mGET /api/getIndex?containerid=102803&page=0 [32m200 [0m442.041 ms - 44417[0m
102803
888
[0mGET /api/getIndex?containerid=102803&page=0 [32m200 [0m443.696 ms - 44426[0m
102803
888
[0mGET /api/getIndex?containerid=102803&page=0 [32m200 [0m703.116 ms - 44199[0m
102803
888
[0mGET /api/getIndex?containerid=102803&page=0 [32m200 [0m709.389 ms - 44424[0m
102803
888
[0mGET /api/getIndex?containerid=102803&page=0 [32m200 [0m438.346 ms - 44424[0m
102803
888
[0mGET /api/getIndex?containerid=102803&page=0 [32m200 [0m471.743 ms - 44428[0m
102803
888
[0mGET /api/getIndex?containerid=102803&page=0 [32m200 [0m620.462 ms - 44262[0m
102803
888
[0mGET /api/getIndex?containerid=102803&page=0 [32m200 [0m603.621 ms - 44424[0m
102803
102803
888
[0mGET /api/getIndex?containerid=102803&page=0 [32m200 [0m597.666 ms - 44424[0m
888
[0mGET /api/getIndex?containerid=102803&page=0 [32m200 [0m446.186 ms - 44426[0m
102803
888
[0mGET /api/getIndex?containerid=102803&page=0 [32m200 [0m464.431 ms - 44426[0m
102803
888
[0mGET /api/getIndex?containerid=102803&page=0 [32m200 [0m514.478 ms - 44426[0m
102803
888
[0mGET /api/getIndex?containerid=102803&page=0 [32m200 [0m508.915 ms - 44430[0m
102803
888
[0mGET /api/getIndex?containerid=102803&page=0 [32m200 [0m562.831 ms - 44430[0m
102803
888
[0mGET /api/getIndex?containerid=102803&page=0 [32m200 [0m506.695 ms - 44426[0m
102803
888
[0mGET /api/getIndex?containerid=102803&page=0 [32m200 [0m470.700 ms - 44426[0m
102803
888
[0mGET /api/getIndex?containerid=102803&page=0 [32m200 [0m560.331 ms - 44424[0m
102803
888
[0mGET /api/getIndex?containerid=102803&page=0 [32m200 [0m483.545 ms - 44424[0m
102803
888
[0mGET /api/getIndex?containerid=102803&page=0 [32m200 [0m651.925 ms - 44428[0m
102803
888
[0mGET /api/getIndex?containerid=102803&page=0 [32m200 [0m482.463 ms - 44428[0m
102803
888
[0mGET /api/getIndex?containerid=102803&page=0 [32m200 [0m583.140 ms - 44426[0m
102803
888
[0mGET /api/getIndex?containerid=102803&page=0 [32m200 [0m874.867 ms - 44262[0m
102803
888
[0mGET /api/getIndex?containerid=102803&page=0 [32m200 [0m549.328 ms - 44424[0m
102803
888
[0mGET /api/getIndex?containerid=102803&page=0 [32m200 [0m604.156 ms - 44428[0m
102803
888
[0mGET /api/getIndex?containerid=102803&page=0 [32m200 [0m474.976 ms - 44428[0m
102803
888
[0mGET /api/getIndex?containerid=102803&page=0 [32m200 [0m420.395 ms - 44430[0m
102803
888
[0mGET /api/getIndex?containerid=102803&page=0 [32m200 [0m577.906 ms - 44424[0m
102803
888
[0mGET /api/getIndex?containerid=102803&page=0 [32m200 [0m516.510 ms - 44426[0m
102803
888
[0mGET /api/getIndex?containerid=102803&page=0 [32m200 [0m581.210 ms - 44428[0m
102803
888
[0mGET /api/getIndex?containerid=102803&page=0 [32m200 [0m1039.089 ms - 44424[0m
102803
888
[0mGET /api/getIndex?containerid=102803&page=0 [32m200 [0m491.447 ms - 44424[0m
102803
888
[0mGET /api/getIndex?containerid=102803&page=0 [32m200 [0m535.866 ms - 44426[0m
102803
888
[0mGET /api/getIndex?containerid=102803&page=0 [32m200 [0m677.191 ms - 44426[0m
102803
888
[0mGET /api/getIndex?containerid=102803&page=0 [32m200 [0m480.946 ms - 44428[0m
102803
888
[0mGET /api/getIndex?containerid=102803&page=0 [32m200 [0m544.428 ms - 44426[0m
102803
888
[0mGET /api/getIndex?containerid=102803&page=0 [32m200 [0m469.062 ms - 44424[0m
102803
888
[0mGET /api/getIndex?containerid=102803&page=0 [32m200 [0m517.928 ms - 44424[0m
102803
888
[0mGET /api/getIndex?containerid=102803&page=0 [32m200 [0m502.075 ms - 44428[0m
102803
888
[0mGET /api/getIndex?containerid=102803&page=0 [32m200 [0m592.897 ms - 44426[0m
102803
888
[0mGET /api/getIndex?containerid=102803&page=0 [32m200 [0m561.814 ms - 44424[0m
102803
102803
888
[0mGET /api/getIndex?containerid=102803&page=0 [32m200 [0m620.744 ms - 44426[0m
888
[0mGET /api/getIndex?containerid=102803&page=0 [32m200 [0m829.232 ms - 44424[0m
102803
888
[0mGET /api/getIndex?containerid=102803&page=0 [32m200 [0m771.689 ms - 44428[0m
102803
888
[0mGET /api/getIndex?containerid=102803&page=0 [32m200 [0m459.521 ms - 44426[0m
102803
888
[0mGET /api/getIndex?containerid=102803&page=0 [32m200 [0m663.418 ms - 44262[0m
102803
888
[0mGET /api/getIndex?containerid=102803&page=0 [32m200 [0m482.886 ms - 44426[0m
102803
888
[0mGET /api/getIndex?containerid=102803&page=0 [32m200 [0m877.052 ms - 44424[0m
102803
102803
888
[0mGET /api/getIndex?containerid=102803&page=0 [32m200 [0m746.300 ms - 44426[0m
888
[0mGET /api/getIndex?containerid=102803&page=0 [32m200 [0m1590.241 ms - 44415[0m
102803
888
[0mGET /api/getIndex?containerid=102803&page=0 [32m200 [0m480.168 ms - 44424[0m
102803
888
[0mGET /api/getIndex?containerid=102803&page=0 [32m200 [0m596.953 ms - 44426[0m
102803
888
[0mGET /api/getIndex?containerid=102803&page=0 [32m200 [0m467.568 ms - 44424[0m
102803
888
[0mGET /api/getIndex?containerid=102803&page=0 [32m200 [0m533.394 ms - 44424[0m
102803
888
[0mGET /api/getIndex?containerid=102803&page=1 [32m200 [0m631.155 ms - 44424[0m
102803
102803
888
[0mGET /api/getIndex?containerid=102803&page=2 [32m200 [0m636.644 ms - 40450[0m
102803
102803
888
[0mGET /api/getIndex?containerid=102803&page=3 [32m200 [0m548.032 ms - 45427[0m
888
[0mGET /api/getIndex?containerid=102803&page=4 [32m200 [0m439.906 ms - 56658[0m
888
[0mGET /api/getIndex?containerid=102803&page=5 [32m200 [0m396.499 ms - 55070[0m
102803
888
[0mGET /api/getIndex?containerid=102803&page=0 [32m200 [0m616.671 ms - 44428[0m
102803_ctg1_7978_-_ctg1_7978
888
[0mGET /api/getIndex?containerid=102803_ctg1_7978_-_ctg1_7978&page=1 [32m200 [0m646.510 ms - 107057[0m
102803_ctg1_7978_-_ctg1_7978
102803_ctg1_7978_-_ctg1_7978
102803_ctg1_7978_-_ctg1_7978
888
[0mGET /api/getIndex?containerid=102803_ctg1_7978_-_ctg1_7978&page=2 [32m200 [0m706.006 ms - 107051[0m
888
[0mGET /api/getIndex?containerid=102803_ctg1_7978_-_ctg1_7978&page=3 [32m200 [0m924.777 ms - 107057[0m
888
[0mGET /api/getIndex?containerid=102803_ctg1_7978_-_ctg1_7978&page=4 [32m200 [0m761.861 ms - 107059[0m
102803
888
[0mGET /api/getIndex?containerid=102803&page=0 [32m200 [0m520.204 ms - 44426[0m
102803
102803
102803
102803
888
[0mGET /api/getIndex?containerid=102803&page=1 [32m200 [0m566.068 ms - 44426[0m
888
[0mGET /api/getIndex?containerid=102803&page=2 [32m200 [0m536.459 ms - 40452[0m
888
[0mGET /api/getIndex?containerid=102803&page=3 [32m200 [0m461.698 ms - 45425[0m
888
[0mGET /api/getIndex?containerid=102803&page=4 [32m200 [0m550.759 ms - 56660[0m
102803
888
[0mGET /api/getIndex?containerid=102803&page=0 [32m200 [0m744.637 ms - 44428[0m
102803_ctg1_7978_-_ctg1_7978
888
[0mGET /api/getIndex?containerid=102803_ctg1_7978_-_ctg1_7978&page=1 [32m200 [0m666.527 ms - 107059[0m
102803_ctg1_7978_-_ctg1_7978
102803_ctg1_7978_-_ctg1_7978
102803_ctg1_7978_-_ctg1_7978
888
[0mGET /api/getIndex?containerid=102803_ctg1_7978_-_ctg1_7978&page=2 [32m200 [0m693.902 ms - 107057[0m
888
[0mGET /api/getIndex?containerid=102803_ctg1_7978_-_ctg1_7978&page=3 [32m200 [0m732.666 ms - 107061[0m
102803_ctg1_7978_-_ctg1_7978
888
[0mGET /api/getIndex?containerid=102803_ctg1_7978_-_ctg1_7978&page=4 [32m200 [0m782.595 ms - 107061[0m
888
[0mGET /api/getIndex?containerid=102803_ctg1_7978_-_ctg1_7978&page=5 [32m200 [0m700.732 ms - 107061[0m
102803
888
[0mGET /api/getIndex?containerid=102803&page=0 [32m200 [0m441.094 ms - 44426[0m
102803_ctg1_7978_-_ctg1_7978
888
[0mGET /api/getIndex?containerid=102803_ctg1_7978_-_ctg1_7978&page=1 [32m200 [0m589.405 ms - 107053[0m
102803_ctg1_7978_-_ctg1_7978
102803_ctg1_7978_-_ctg1_7978
888
[0mGET /api/getIndex?containerid=102803_ctg1_7978_-_ctg1_7978&page=2 [32m200 [0m635.958 ms - 107065[0m
102803_ctg1_7978_-_ctg1_7978
102803_ctg1_7978_-_ctg1_7978
888
[0mGET /api/getIndex?containerid=102803_ctg1_7978_-_ctg1_7978&page=3 [32m200 [0m719.752 ms - 107057[0m
888
[0mGET /api/getIndex?containerid=102803_ctg1_7978_-_ctg1_7978&page=4 [32m200 [0m618.764 ms - 107059[0m
888
[0mGET /api/getIndex?containerid=102803_ctg1_7978_-_ctg1_7978&page=5 [32m200 [0m653.570 ms - 107059[0m
102803
888
[0mGET /api/getIndex?containerid=102803&page=0 [32m200 [0m554.033 ms - 44424[0m
102803
888
[0mGET /api/getIndex?containerid=102803&page=0 [32m200 [0m482.056 ms - 44426[0m
102803
888
[0mGET /api/getIndex?containerid=102803&page=0 [32m200 [0m421.918 ms - 44424[0m
102803
888
[0mGET /api/getIndex?containerid=102803&page=0 [32m200 [0m754.055 ms - 44424[0m
102803
888
[0mGET /api/getIndex?containerid=102803&page=0 [32m200 [0m503.886 ms - 44426[0m
102803
888
[0mGET /api/getIndex?containerid=102803&page=0 [32m200 [0m495.798 ms - 44424[0m
102803
888
[0mGET /api/getIndex?containerid=102803&page=0 [32m200 [0m487.088 ms - 44426[0m
102803_ctg1_7978_-_ctg1_7978
102803_ctg1_7978_-_ctg1_7978
888
[0mGET /api/getIndex?containerid=102803_ctg1_7978_-_ctg1_7978&page=1 [32m200 [0m593.632 ms - 107061[0m
102803_ctg1_7978_-_ctg1_7978
102803_ctg1_7978_-_ctg1_7978
888
[0mGET /api/getIndex?containerid=102803_ctg1_7978_-_ctg1_7978&page=2 [32m200 [0m576.093 ms - 107055[0m
888
[0mGET /api/getIndex?containerid=102803_ctg1_7978_-_ctg1_7978&page=3 [32m200 [0m645.707 ms - 107065[0m
102803
888
[0mGET /api/getIndex?containerid=102803_ctg1_7978_-_ctg1_7978&page=4 [32m200 [0m812.008 ms - 107053[0m
888
[0mGET /api/getIndex?containerid=102803&page=0 [32m200 [0m472.864 ms - 44426[0m
102803
102803
102803
888
[0mGET /api/getIndex?containerid=102803&page=1 [32m200 [0m498.503 ms - 44426[0m
102803
888
[0mGET /api/getIndex?containerid=102803&page=2 [32m200 [0m470.815 ms - 40450[0m
102803
888
[0mGET /api/getIndex?containerid=102803&page=3 [32m200 [0m436.939 ms - 45425[0m
102803
888
[0mGET /api/getIndex?containerid=102803&page=4 [32m200 [0m493.768 ms - 56658[0m
102803
888
[0mGET /api/getIndex?containerid=102803&page=5 [32m200 [0m625.157 ms - 54890[0m
888
[0mGET /api/getIndex?containerid=102803&page=6 [32m200 [0m503.179 ms - 47453[0m
888
[0mGET /api/getIndex?containerid=102803&page=7 [32m200 [0m383.752 ms - 49168[0m
102803
888
[0mGET /api/getIndex?containerid=102803&page=0 [32m200 [0m483.086 ms - 44426[0m
102803
888
[0mGET /api/getIndex?containerid=102803&page=0 [32m200 [0m438.419 ms - 44428[0m
102803
888
[0mGET /api/getIndex?containerid=102803&page=0 [32m200 [0m513.303 ms - 44426[0m
102803
888
[0mGET /api/getIndex?containerid=102803&page=0 [32m200 [0m656.864 ms - 44428[0m
102803
888
[0mGET /api/getIndex?containerid=102803&page=0 [32m200 [0m631.966 ms - 44426[0m
102803
888
[0mGET /api/getIndex?containerid=102803&page=0 [32m200 [0m472.038 ms - 44426[0m
102803
888
[0mGET /api/getIndex?containerid=102803&page=1 [32m200 [0m480.794 ms - 44428[0m
102803
888
[0mGET /api/getIndex?containerid=102803&page=0 [32m200 [0m454.695 ms - 44426[0m
102803
888
[0mGET /api/getIndex?containerid=102803&page=1 [32m200 [0m488.395 ms - 44426[0m
102803
[0mGET /api/getIndex?containerid=102803&page=0 [0m- [0m- ms - -[0m
102803
888
[0mGET /api/getIndex?containerid=102803&page=0 [32m200 [0m662.835 ms - 44426[0m
888
102803
888
[0mGET /api/getIndex?containerid=102803&page=1 [32m200 [0m464.307 ms - 44428[0m
102803
888
[0mGET /api/getIndex?containerid=102803&page=0 [32m200 [0m485.473 ms - 44428[0m
102803
888
[0mGET /api/getIndex?containerid=102803&page=1 [32m200 [0m575.284 ms - 44426[0m
102803
888
[0mGET /api/getIndex?containerid=102803&page=0 [32m200 [0m666.421 ms - 44426[0m
102803
888
[0mGET /api/getIndex?containerid=102803&page=0 [32m200 [0m623.938 ms - 44426[0m
102803
888
[0mGET /api/getIndex?containerid=102803&page=0 [32m200 [0m555.572 ms - 44426[0m
102803
888
[0mGET /api/getIndex?containerid=102803&page=1 [32m200 [0m505.319 ms - 44424[0m
102803
102803
102803
888
[0mGET /api/getIndex?containerid=102803&page=2 [32m200 [0m403.553 ms - 40450[0m
888
[0mGET /api/getIndex?containerid=102803&page=3 [32m200 [0m531.274 ms - 45427[0m
888
[0mGET /api/getIndex?containerid=102803&page=4 [32m200 [0m538.706 ms - 56662[0m
102803
888
[0mGET /api/getIndex?containerid=102803&page=0 [32m200 [0m527.383 ms - 44426[0m
102803
888
[0mGET /api/getIndex?containerid=102803&page=0 [32m200 [0m493.747 ms - 44426[0m
102803
888
[0mGET /api/getIndex?containerid=102803&page=1 [32m200 [0m579.907 ms - 44424[0m
102803
102803
102803
888
[0mGET /api/getIndex?containerid=102803&page=2 [32m200 [0m433.628 ms - 40450[0m
888
[0mGET /api/getIndex?containerid=102803&page=3 [32m200 [0m549.949 ms - 45425[0m
888
[0mGET /api/getIndex?containerid=102803&page=4 [32m200 [0m465.780 ms - 56664[0m
102803
888
[0mGET /api/getIndex?containerid=102803&page=0 [32m200 [0m659.226 ms - 44426[0m
102803
888
[0mGET /api/getIndex?containerid=102803&page=1 [32m200 [0m521.263 ms - 44424[0m
102803
102803
102803
888
[0mGET /api/getIndex?containerid=102803&page=2 [32m200 [0m515.757 ms - 40452[0m
102803
888
[0mGET /api/getIndex?containerid=102803&page=3 [32m200 [0m517.636 ms - 45427[0m
102803
888
[0mGET /api/getIndex?containerid=102803&page=4 [32m200 [0m475.313 ms - 56660[0m
102803
888
[0mGET /api/getIndex?containerid=102803&page=5 [32m200 [0m447.214 ms - 55068[0m
102803
102803
888
[0mGET /api/getIndex?containerid=102803&page=6 [32m200 [0m510.649 ms - 47455[0m
888
[0mGET /api/getIndex?containerid=102803&page=7 [32m200 [0m393.761 ms - 49220[0m
102803
888
[0mGET /api/getIndex?containerid=102803&page=8 [32m200 [0m406.651 ms - 48635[0m
102803
102803
888
[0mGET /api/getIndex?containerid=102803&page=10 [32m200 [0m443.063 ms - 47059[0m
888
[0mGET /api/getIndex?containerid=102803&page=9 [32m200 [0m631.661 ms - 46878[0m
102803
888
[0mGET /api/getIndex?containerid=102803&page=11 [32m200 [0m460.212 ms - 39268[0m
102803
888
[0mGET /api/getIndex?containerid=102803&page=12 [32m200 [0m405.979 ms - 41270[0m
102803
888
[0mGET /api/getIndex?containerid=102803&page=13 [32m200 [0m389.528 ms - 48409[0m
102803
888
[0mGET /api/getIndex?containerid=102803&page=14 [32m200 [0m414.494 ms - 45793[0m
102803
888
[0mGET /api/getIndex?containerid=102803&page=15 [32m200 [0m467.521 ms - 52281[0m
888
[0mGET /api/getIndex?containerid=102803&page=16 [32m200 [0m462.407 ms - 42088[0m
888
[0mGET /api/getIndex?containerid=102803&page=17 [32m200 [0m461.254 ms - 46331[0m
102803
888
[0mGET /api/getIndex?containerid=102803&page=0 [32m200 [0m595.244 ms - 44428[0m
102803
888
[0mGET /api/getIndex?containerid=102803&page=0 [32m200 [0m471.468 ms - 44426[0m
102803
888
[0mGET /api/getIndex?containerid=102803&page=0 [32m200 [0m463.107 ms - 44426[0m
102803
888
[0mGET /api/getIndex?containerid=102803&page=0 [32m200 [0m489.319 ms - 44426[0m
102803
888
[0mGET /api/getIndex?containerid=102803&page=1 [32m200 [0m453.732 ms - 44426[0m
102803
888
[0mGET /api/getIndex?containerid=102803&page=2 [32m200 [0m413.830 ms - 40452[0m
102803
888
[0mGET /api/getIndex?containerid=102803&page=3 [32m200 [0m654.300 ms - 45245[0m
102803
888
[0mGET /api/getIndex?containerid=102803&page=4 [32m200 [0m447.038 ms - 56658[0m
102803
888
[0mGET /api/getIndex?containerid=102803&page=5 [32m200 [0m512.810 ms - 55074[0m
102803
888
[0mGET /api/getIndex?containerid=102803&page=6 [32m200 [0m658.350 ms - 47453[0m
102803
888
[0mGET /api/getIndex?containerid=102803&page=7 [32m200 [0m490.727 ms - 49218[0m
102803
888
[0mGET /api/getIndex?containerid=102803&page=0 [32m200 [0m456.873 ms - 44424[0m
102803
888
[0mGET /api/getIndex?containerid=102803&page=0 [32m200 [0m486.401 ms - 44428[0m
102803
888
[0mGET /api/getIndex?containerid=102803&page=0 [32m200 [0m610.678 ms - 44428[0m
102803
888
[0mGET /api/getIndex?containerid=102803&page=0 [32m200 [0m548.001 ms - 44426[0m
102803
888
[0mGET /api/getIndex?containerid=102803&page=0 [32m200 [0m544.254 ms - 44424[0m
102803
888
[0mGET /api/getIndex?containerid=102803&page=1 [32m200 [0m550.853 ms - 44426[0m
102803
888
[0mGET /api/getIndex?containerid=102803&page=0 [32m200 [0m602.982 ms - 44428[0m
102803
888
[0mGET /api/getIndex?containerid=102803&page=0 [32m200 [0m433.866 ms - 44424[0m
102803
888
[0mGET /api/getIndex?containerid=102803&page=0 [32m200 [0m472.205 ms - 44428[0m
102803
888
[0mGET /api/getIndex?containerid=102803&page=0 [32m200 [0m847.018 ms - 44195[0m
102803
888
[0mGET /api/getIndex?containerid=102803&page=0 [32m200 [0m461.709 ms - 44426[0m
102803
888
[0mGET /api/getIndex?containerid=102803&page=0 [32m200 [0m630.795 ms - 44428[0m
102803
888
[0mGET /api/getIndex?containerid=102803&page=0 [32m200 [0m447.847 ms - 44424[0m
102803
888
[0mGET /api/getIndex?containerid=102803&page=0 [32m200 [0m838.732 ms - 44426[0m
102803
888
[0mGET /api/getIndex?containerid=102803&page=0 [32m200 [0m595.772 ms - 44426[0m
102803
888
[0mGET /api/getIndex?containerid=102803&page=0 [32m200 [0m627.028 ms - 44426[0m
102803
888
[0mGET /api/getIndex?containerid=102803&page=0 [32m200 [0m548.412 ms - 44426[0m
102803
888
[0mGET /api/getIndex?containerid=102803&page=0 [32m200 [0m416.656 ms - 44426[0m
102803
888
[0mGET /api/getIndex?containerid=102803&page=0 [32m200 [0m474.539 ms - 44426[0m
102803
888
[0mGET /api/getIndex?containerid=102803&page=0 [32m200 [0m443.230 ms - 44424[0m
102803
888
[0mGET /api/getIndex?containerid=102803&page=0 [32m200 [0m636.713 ms - 44430[0m
102803
888
[0mGET /api/getIndex?containerid=102803&page=0 [32m200 [0m504.867 ms - 44428[0m
102803
888
[0mGET /api/getIndex?containerid=102803&page=0 [32m200 [0m460.001 ms - 44424[0m
102803
888
[0mGET /api/getIndex?containerid=102803&page=0 [32m200 [0m465.203 ms - 44428[0m
102803
888
[0mGET /api/getIndex?containerid=102803&page=0 [32m200 [0m488.292 ms - 44424[0m
102803
888
[0mGET /api/getIndex?containerid=102803&page=0 [32m200 [0m434.605 ms - 44424[0m
102803
888
[0mGET /api/getIndex?containerid=102803&page=0 [32m200 [0m438.431 ms - 44426[0m
102803
888
[0mGET /api/getIndex?containerid=102803&page=0 [32m200 [0m598.200 ms - 44424[0m
102803
888
[0mGET /api/getIndex?containerid=102803&page=0 [32m200 [0m514.102 ms - 44424[0m
102803
888
[0mGET /api/getIndex?containerid=102803&page=0 [32m200 [0m461.007 ms - 44424[0m
102803
888
[0mGET /api/getIndex?containerid=102803&page=0 [32m200 [0m625.076 ms - 44428[0m
102803
888
[0mGET /api/getIndex?containerid=102803&page=0 [32m200 [0m468.268 ms - 44426[0m
102803
888
[0mGET /api/getIndex?containerid=102803&page=0 [32m200 [0m874.600 ms - 44426[0m
102803
888
[0mGET /api/getIndex?containerid=102803&page=0 [32m200 [0m529.970 ms - 44428[0m
102803
888
[0mGET /api/getIndex?containerid=102803&page=0 [32m200 [0m446.210 ms - 44424[0m
102803
888
[0mGET /api/getIndex?containerid=102803&page=0 [32m200 [0m595.935 ms - 44430[0m
102803
888
[0mGET /api/getIndex?containerid=102803&page=0 [32m200 [0m769.957 ms - 44426[0m
102803
888
[0mGET /api/getIndex?containerid=102803&page=0 [32m200 [0m596.874 ms - 44426[0m
102803
888
[0mGET /api/getIndex?containerid=102803&page=0 [32m200 [0m948.289 ms - 44264[0m
102803
888
[0mGET /api/getIndex?containerid=102803&page=0 [32m200 [0m426.561 ms - 44424[0m
102803
888
[0mGET /api/getIndex?containerid=102803&page=1 [32m200 [0m443.063 ms - 44424[0m
102803
888
[0mGET /api/getIndex?containerid=102803&page=0 [32m200 [0m490.912 ms - 44426[0m
102803
888
[0mGET /api/getIndex?containerid=102803&page=0 [32m200 [0m462.616 ms - 44426[0m
102803
888
[0mGET /api/getIndex?containerid=102803&page=0 [32m200 [0m491.677 ms - 44170[0m
102803
888
[0mGET /api/getIndex?containerid=102803&page=0 [32m200 [0m434.121 ms - 44168[0m
102803
888
[0mGET /api/getIndex?containerid=102803&page=0 [32m200 [0m671.871 ms - 44168[0m
102803
888
[0mGET /api/getIndex?containerid=102803&page=0 [32m200 [0m454.672 ms - 44166[0m
102803
888
[0mGET /api/getIndex?containerid=102803&page=0 [32m200 [0m1583.194 ms - 44168[0m
102803
888
[0mGET /api/getIndex?containerid=102803&page=0 [32m200 [0m593.567 ms - 44166[0m
102803
888
[0mGET /api/getIndex?containerid=102803&page=0 [32m200 [0m492.901 ms - 44168[0m
102803
888
[0mGET /api/getIndex?containerid=102803&page=0 [32m200 [0m470.271 ms - 44166[0m
102803
888
[0mGET /api/getIndex?containerid=102803&page=0 [32m200 [0m578.810 ms - 44166[0m
102803
888
[0mGET /api/getIndex?containerid=102803&page=0 [32m200 [0m491.242 ms - 44166[0m
